#
# There is insufficient memory for the Java Runtime Environment to continue.
# Native memory allocation (malloc) failed to allocate 32784 bytes for Chunk::new
# Possible reasons:
#   The system is out of physical RAM or swap space
#   The process is running with CompressedOops enabled, and the Java Heap may be blocking the growth of the native heap
# Possible solutions:
#   Reduce memory load on the system
#   Increase physical memory or swap space
#   Check if swap backing store is full
#   Decrease Java heap size (-Xmx/-Xms)
#   Decrease number of Java threads
#   Decrease Java thread stack sizes (-Xss)
#   Set larger code cache with -XX:ReservedCodeCacheSize=
#   JVM is running with Unscaled Compressed Oops mode in which the Java heap is
#     placed in the first 4GB address space. The Java Heap base address is the
#     maximum limit for the native heap growth. Please use -XX:HeapBaseMinAddress
#     to set the Java Heap base and to place the Java Heap above 4GB virtual address.
# This output file may be truncated or incomplete.
#
#  Out of Memory Error (allocation.cpp:389), pid=15380, tid=0x000000000000313c
#
# JRE version: OpenJDK Runtime Environment (8.0_242-b01) (build 1.8.0_242-release-1644-b01)
# Java VM: OpenJDK 64-Bit Server VM (25.242-b01 mixed mode windows-amd64 compressed oops)
# Failed to write core dump. Minidumps are not enabled by default on client versions of Windows
#

---------------  T H R E A D  ---------------

Current thread (0x0000000017e5c000):  JavaThread "C2 CompilerThread1" daemon [_thread_in_native, id=12604, stack(0x000000001a640000,0x000000001a740000)]

Stack: [0x000000001a640000,0x000000001a740000]
[error occurred during error reporting (printing stack bounds), id 0xc0000005]

Native frames: (J=compiled Java code, j=interpreted, Vv=VM code, C=native code)


Current CompileTask:
C2:  66151 9054       4       org.gradle.internal.file.DefaultFileHierarchySet$Node::contains (101 bytes)


---------------  P R O C E S S  ---------------

Java Threads: ( => current thread )
  0x000000001f8fb000 JavaThread "stdout" [_thread_in_native, id=12940, stack(0x0000000030830000,0x0000000030930000)]
  0x000000001f8fa000 JavaThread "stderr" [_thread_in_native, id=1052, stack(0x0000000030730000,0x0000000030830000)]
  0x000000001f8fc800 JavaThread "stdout" [_thread_in_native, id=7360, stack(0x0000000030630000,0x0000000030730000)]
  0x000000001f8fe000 JavaThread "stderr" [_thread_in_native, id=15188, stack(0x0000000030530000,0x0000000030630000)]
  0x000000001f8f9800 JavaThread "stdout" [_thread_in_native, id=7380, stack(0x0000000030430000,0x0000000030530000)]
  0x000000001f8fb800 JavaThread "stderr" [_thread_in_native, id=16188, stack(0x0000000030330000,0x0000000030430000)]
  0x0000000023298000 JavaThread "stdout" [_thread_in_native, id=14684, stack(0x0000000030230000,0x0000000030330000)]
  0x0000000023297000 JavaThread "stderr" [_thread_in_native, id=12736, stack(0x0000000030130000,0x0000000030230000)]
  0x0000000023298800 JavaThread "stdout" [_thread_in_native, id=8680, stack(0x0000000030030000,0x0000000030130000)]
  0x000000002329e000 JavaThread "stderr" [_thread_in_native, id=10136, stack(0x000000002ff30000,0x0000000030030000)]
  0x000000002329c800 JavaThread "stdout" [_thread_in_native, id=9944, stack(0x000000002fe30000,0x000000002ff30000)]
  0x000000002329a000 JavaThread "stderr" [_thread_in_native, id=1948, stack(0x000000002fd30000,0x000000002fe30000)]
  0x000000002329d800 JavaThread "stdout" [_thread_in_native, id=8948, stack(0x000000002fc30000,0x000000002fd30000)]
  0x000000002329b000 JavaThread "stderr" [_thread_in_native, id=7548, stack(0x000000002fb30000,0x000000002fc30000)]
  0x0000000020f0b000 JavaThread "pool-2-thread-1" [_thread_blocked, id=11904, stack(0x000000002f930000,0x000000002fa30000)]
  0x0000000020f11000 JavaThread "MarlinRenderer Disposer" daemon [_thread_blocked, id=6168, stack(0x000000002f4d0000,0x000000002f5d0000)]
  0x0000000020f0d000 JavaThread "Java2D Disposer" daemon [_thread_blocked, id=12656, stack(0x000000002f3d0000,0x000000002f4d0000)]
  0x0000000020f10000 JavaThread "WorkerExecutor Queue Thread 8" [_thread_blocked, id=15960, stack(0x000000002f2d0000,0x000000002f3d0000)]
  0x0000000020f0f800 JavaThread "WorkerExecutor Queue Thread 7" [_thread_blocked, id=13784, stack(0x000000002efd0000,0x000000002f0d0000)]
  0x0000000020f05000 JavaThread "WorkerExecutor Queue Thread 6" [_thread_blocked, id=8876, stack(0x000000002eed0000,0x000000002efd0000)]
  0x0000000020f0b800 JavaThread "WorkerExecutor Queue Thread 5" [_thread_blocked, id=6228, stack(0x000000002edd0000,0x000000002eed0000)]
  0x0000000020f04000 JavaThread "WorkerExecutor Queue Thread 4" [_thread_blocked, id=7564, stack(0x000000002ecd0000,0x000000002edd0000)]
  0x0000000020f05800 JavaThread "WorkerExecutor Queue Thread 3" [_thread_blocked, id=10512, stack(0x000000002ebd0000,0x000000002ecd0000)]
  0x0000000020f08000 JavaThread "WorkerExecutor Queue Thread 2" [_thread_blocked, id=8648, stack(0x000000002ead0000,0x000000002ebd0000)]
  0x0000000020f06800 JavaThread "WorkerExecutor Queue" [_thread_blocked, id=13296, stack(0x000000002e9d0000,0x000000002ead0000)]
  0x0000000020f02000 JavaThread "Cache worker for execution history cache (C:\Users\Eduardo\AndroidStudioProjects\LiveDIO\.gradle\6.5\executionHistory)" [_thread_blocked, id=11372, stack(0x000000002e4d0000,0x000000002e5d0000)]
  0x0000000020f03800 JavaThread "Execution worker for ':' Thread 7" [_thread_blocked, id=12064, stack(0x000000002e3d0000,0x000000002e4d0000)]
  0x0000000020f08800 JavaThread "Execution worker for ':' Thread 6" [_thread_blocked, id=7204, stack(0x000000002e2d0000,0x000000002e3d0000)]
  0x0000000020f02800 JavaThread "Execution worker for ':' Thread 5" [_thread_in_vm, id=8012, stack(0x000000002e1d0000,0x000000002e2d0000)]
  0x000000001bc12800 JavaThread "Execution worker for ':' Thread 4" [_thread_blocked, id=4920, stack(0x000000002e0d0000,0x000000002e1d0000)]
  0x000000001bc11800 JavaThread "Execution worker for ':' Thread 3" [_thread_blocked, id=7868, stack(0x000000002dfd0000,0x000000002e0d0000)]
  0x000000001bc0d000 JavaThread "Execution worker for ':' Thread 2" [_thread_blocked, id=6924, stack(0x000000002ded0000,0x000000002dfd0000)]
  0x000000001bc14000 JavaThread "Execution worker for ':'" [_thread_blocked, id=15352, stack(0x000000002ddd0000,0x000000002ded0000)]
  0x000000001bc0f800 JavaThread "Cache worker for file content cache (C:\Users\Eduardo\AndroidStudioProjects\LiveDIO\.gradle\6.5\fileContent)" [_thread_blocked, id=5064, stack(0x000000002d620000,0x000000002d720000)]
  0x000000001bc11000 JavaThread "Memory manager" [_thread_blocked, id=11908, stack(0x000000002d520000,0x000000002d620000)]
  0x000000001bc0c800 JavaThread "pool-1-thread-1" [_thread_blocked, id=12912, stack(0x000000002c620000,0x000000002c720000)]
  0x000000001bc0e000 JavaThread "Cache worker for Build Output Cleanup Cache (C:\Users\Eduardo\AndroidStudioProjects\LiveDIO\.gradle\buildOutputCleanup)" [_thread_blocked, id=7280, stack(0x000000002c320000,0x000000002c420000)]
  0x000000001bc13000 JavaThread "jar transforms Thread 114" [_thread_blocked, id=5436, stack(0x000000002c020000,0x000000002c120000)]
  0x000000001bc0e800 JavaThread "jar transforms Thread 113" [_thread_blocked, id=14560, stack(0x000000002bf20000,0x000000002c020000)]
  0x000000001bc10000 JavaThread "jar transforms Thread 112" [_thread_blocked, id=7720, stack(0x000000002be20000,0x000000002bf20000)]
  0x000000001bc05000 JavaThread "jar transforms Thread 111" [_thread_blocked, id=1924, stack(0x000000002bd20000,0x000000002be20000)]
  0x000000001bc0b800 JavaThread "jar transforms Thread 110" [_thread_blocked, id=15268, stack(0x000000002bc20000,0x000000002bd20000)]
  0x000000001bc0b000 JavaThread "jar transforms Thread 109" [_thread_blocked, id=12408, stack(0x000000002bb20000,0x000000002bc20000)]
  0x000000001bc05800 JavaThread "jar transforms Thread 108" [_thread_blocked, id=7928, stack(0x000000002ba20000,0x000000002bb20000)]
  0x000000001bc07000 JavaThread "jar transforms Thread 107" [_thread_blocked, id=972, stack(0x000000002b920000,0x000000002ba20000)]
  0x000000001bc0a000 JavaThread "jar transforms Thread 106" [_thread_blocked, id=6780, stack(0x000000002b820000,0x000000002b920000)]
  0x000000001bc06800 JavaThread "jar transforms Thread 105" [_thread_blocked, id=6832, stack(0x000000002b720000,0x000000002b820000)]
  0x000000001bc09800 JavaThread "jar transforms Thread 104" [_thread_blocked, id=14240, stack(0x000000002b520000,0x000000002b620000)]
  0x000000001bc08000 JavaThread "jar transforms Thread 103" [_thread_blocked, id=6592, stack(0x000000002b420000,0x000000002b520000)]
  0x000000001bc08800 JavaThread "jar transforms Thread 102" [_thread_blocked, id=5564, stack(0x000000002b320000,0x000000002b420000)]
  0x000000001bf99000 JavaThread "jar transforms Thread 101" [_thread_blocked, id=11804, stack(0x000000002b220000,0x000000002b320000)]
  0x000000001bf98800 JavaThread "jar transforms Thread 100" [_thread_blocked, id=10432, stack(0x000000002b120000,0x000000002b220000)]
  0x000000001bf9a000 JavaThread "jar transforms Thread 99" [_thread_blocked, id=12984, stack(0x000000002b020000,0x000000002b120000)]
  0x000000001bf95800 JavaThread "jar transforms Thread 98" [_thread_blocked, id=7324, stack(0x000000002af20000,0x000000002b020000)]
  0x000000001bf96000 JavaThread "jar transforms Thread 97" [_thread_blocked, id=8792, stack(0x000000002ae20000,0x000000002af20000)]
  0x000000001bf97800 JavaThread "jar transforms Thread 96" [_thread_blocked, id=15620, stack(0x000000002ad20000,0x000000002ae20000)]
  0x000000001bf9a800 JavaThread "jar transforms Thread 95" [_thread_blocked, id=3016, stack(0x000000002ac20000,0x000000002ad20000)]
  0x000000001bf97000 JavaThread "jar transforms Thread 94" [_thread_blocked, id=16348, stack(0x000000002ab20000,0x000000002ac20000)]
  0x000000001bf8e000 JavaThread "jar transforms Thread 93" [_thread_blocked, id=2300, stack(0x000000002aa20000,0x000000002ab20000)]
  0x000000001bf94800 JavaThread "jar transforms Thread 92" [_thread_blocked, id=12744, stack(0x000000002a920000,0x000000002aa20000)]
  0x000000001bf8d000 JavaThread "jar transforms Thread 91" [_thread_blocked, id=8072, stack(0x000000002a820000,0x000000002a920000)]
  0x000000001bf94000 JavaThread "jar transforms Thread 90" [_thread_blocked, id=11584, stack(0x000000002a720000,0x000000002a820000)]
  0x000000001bf91800 JavaThread "jar transforms Thread 89" [_thread_blocked, id=9692, stack(0x000000002a620000,0x000000002a720000)]
  0x000000001bf8f800 JavaThread "jar transforms Thread 88" [_thread_blocked, id=8152, stack(0x000000002a520000,0x000000002a620000)]
  0x000000001bf90000 JavaThread "jar transforms Thread 87" [_thread_blocked, id=9580, stack(0x000000002a420000,0x000000002a520000)]
  0x000000001bf93000 JavaThread "jar transforms Thread 86" [_thread_blocked, id=11172, stack(0x000000002a320000,0x000000002a420000)]
  0x000000001bf8b800 JavaThread "jar transforms Thread 85" [_thread_blocked, id=11740, stack(0x000000002a220000,0x000000002a320000)]
  0x000000001bf8c800 JavaThread "jar transforms Thread 84" [_thread_blocked, id=11852, stack(0x000000002a120000,0x000000002a220000)]
  0x000000001bf8e800 JavaThread "jar transforms Thread 83" [_thread_blocked, id=15800, stack(0x000000002a020000,0x000000002a120000)]
  0x000000001bf92800 JavaThread "jar transforms Thread 82" [_thread_blocked, id=4260, stack(0x0000000029f20000,0x000000002a020000)]
  0x000000001bf91000 JavaThread "jar transforms Thread 81" [_thread_blocked, id=6200, stack(0x0000000029e20000,0x0000000029f20000)]
  0x000000001f816800 JavaThread "jar transforms Thread 80" [_thread_blocked, id=10296, stack(0x0000000029d20000,0x0000000029e20000)]
  0x000000001f814000 JavaThread "jar transforms Thread 79" [_thread_blocked, id=13200, stack(0x0000000029c20000,0x0000000029d20000)]
  0x000000001f813800 JavaThread "jar transforms Thread 78" [_thread_blocked, id=2428, stack(0x0000000029b20000,0x0000000029c20000)]
  0x000000001f815000 JavaThread "jar transforms Thread 77" [_thread_blocked, id=1628, stack(0x0000000029a20000,0x0000000029b20000)]
  0x000000001f812800 JavaThread "jar transforms Thread 76" [_thread_blocked, id=10072, stack(0x0000000029920000,0x0000000029a20000)]
  0x000000001f812000 JavaThread "jar transforms Thread 75" [_thread_blocked, id=2912, stack(0x0000000029820000,0x0000000029920000)]
  0x000000001f815800 JavaThread "jar transforms Thread 74" [_thread_blocked, id=13712, stack(0x0000000029720000,0x0000000029820000)]
  0x000000001f80a800 JavaThread "jar transforms Thread 73" [_thread_blocked, id=14704, stack(0x0000000029620000,0x0000000029720000)]
  0x000000001f811000 JavaThread "jar transforms Thread 72" [_thread_blocked, id=11424, stack(0x0000000029520000,0x0000000029620000)]
  0x000000001f809800 JavaThread "jar transforms Thread 71" [_thread_blocked, id=8964, stack(0x0000000029420000,0x0000000029520000)]
  0x000000001f810800 JavaThread "jar transforms Thread 70" [_thread_blocked, id=2272, stack(0x0000000029320000,0x0000000029420000)]
  0x000000001f80f800 JavaThread "jar transforms Thread 69" [_thread_blocked, id=3588, stack(0x0000000029220000,0x0000000029320000)]
  0x000000001f808000 JavaThread "jar transforms Thread 68" [_thread_blocked, id=5496, stack(0x0000000029120000,0x0000000029220000)]
  0x000000001f80c800 JavaThread "jar transforms Thread 67" [_thread_blocked, id=7052, stack(0x0000000029020000,0x0000000029120000)]
  0x000000001f80f000 JavaThread "jar transforms Thread 66" [_thread_blocked, id=11528, stack(0x0000000028f20000,0x0000000029020000)]
  0x000000001f809000 JavaThread "jar transforms Thread 65" [_thread_blocked, id=6184, stack(0x0000000028e20000,0x0000000028f20000)]
  0x000000001f807800 JavaThread "jar transforms Thread 64" [_thread_blocked, id=9532, stack(0x0000000028d20000,0x0000000028e20000)]
  0x000000001f80b000 JavaThread "jar transforms Thread 63" [_thread_blocked, id=9128, stack(0x0000000028c20000,0x0000000028d20000)]
  0x000000001f80d800 JavaThread "jar transforms Thread 62" [_thread_blocked, id=14388, stack(0x0000000028b20000,0x0000000028c20000)]
  0x000000001f80e000 JavaThread "jar transforms Thread 61" [_thread_blocked, id=11892, stack(0x0000000028a20000,0x0000000028b20000)]
  0x000000001f80c000 JavaThread "jar transforms Thread 60" [_thread_blocked, id=12928, stack(0x0000000028920000,0x0000000028a20000)]
  0x0000000021b02000 JavaThread "jar transforms Thread 59" [_thread_blocked, id=14512, stack(0x0000000028820000,0x0000000028920000)]
  0x0000000021b01800 JavaThread "jar transforms Thread 58" [_thread_blocked, id=12428, stack(0x0000000028720000,0x0000000028820000)]
  0x0000000021afe800 JavaThread "jar transforms Thread 57" [_thread_blocked, id=1480, stack(0x0000000028620000,0x0000000028720000)]
  0x0000000021b00000 JavaThread "jar transforms Thread 56" [_thread_blocked, id=5368, stack(0x0000000028520000,0x0000000028620000)]
  0x0000000021b00800 JavaThread "jar transforms Thread 55" [_thread_blocked, id=13444, stack(0x0000000028420000,0x0000000028520000)]
  0x0000000021afd800 JavaThread "jar transforms Thread 54" [_thread_blocked, id=8088, stack(0x0000000028320000,0x0000000028420000)]
  0x0000000021afd000 JavaThread "jar transforms Thread 53" [_thread_blocked, id=7628, stack(0x0000000028220000,0x0000000028320000)]
  0x0000000021aff000 JavaThread "jar transforms Thread 52" [_thread_blocked, id=11400, stack(0x0000000028120000,0x0000000028220000)]
  0x0000000021af5000 JavaThread "jar transforms Thread 51" [_thread_blocked, id=14492, stack(0x0000000028020000,0x0000000028120000)]
  0x0000000021afc000 JavaThread "jar transforms Thread 50" [_thread_blocked, id=11308, stack(0x0000000027f20000,0x0000000028020000)]
  0x0000000021afb800 JavaThread "jar transforms Thread 49" [_thread_blocked, id=13772, stack(0x0000000027e20000,0x0000000027f20000)]
  0x0000000021afa800 JavaThread "jar transforms Thread 48" [_thread_blocked, id=15884, stack(0x0000000027d20000,0x0000000027e20000)]
  0x0000000021af3000 JavaThread "jar transforms Thread 47" [_thread_blocked, id=13292, stack(0x0000000027c20000,0x0000000027d20000)]
  0x0000000021af8800 JavaThread "jar transforms Thread 46" [_thread_blocked, id=13016, stack(0x0000000027b20000,0x0000000027c20000)]
  0x0000000021af9000 JavaThread "jar transforms Thread 45" [_thread_blocked, id=3300, stack(0x0000000027a20000,0x0000000027b20000)]
  0x0000000021af6000 JavaThread "jar transforms Thread 44" [_thread_blocked, id=6996, stack(0x0000000027920000,0x0000000027a20000)]
  0x0000000021af6800 JavaThread "jar transforms Thread 43" [_thread_blocked, id=880, stack(0x0000000027820000,0x0000000027920000)]
  0x0000000021af7800 JavaThread "jar transforms Thread 42" [_thread_blocked, id=16308, stack(0x0000000027720000,0x0000000027820000)]
  0x0000000021af3800 JavaThread "jar transforms Thread 41" [_thread_blocked, id=12992, stack(0x0000000027620000,0x0000000027720000)]
  0x0000000021afa000 JavaThread "jar transforms Thread 40" [_thread_blocked, id=11032, stack(0x0000000027520000,0x0000000027620000)]
  0x0000000021af4800 JavaThread "jar transforms Thread 39" [_thread_blocked, id=15708, stack(0x0000000027420000,0x0000000027520000)]
  0x000000001baab800 JavaThread "jar transforms Thread 38" [_thread_blocked, id=16120, stack(0x0000000027320000,0x0000000027420000)]
  0x000000001baab000 JavaThread "jar transforms Thread 37" [_thread_blocked, id=14056, stack(0x0000000027220000,0x0000000027320000)]
  0x000000001baaa000 JavaThread "jar transforms Thread 36" [_thread_blocked, id=15784, stack(0x0000000027120000,0x0000000027220000)]
  0x000000001baa8800 JavaThread "jar transforms Thread 35" [_thread_blocked, id=11656, stack(0x0000000027020000,0x0000000027120000)]
  0x000000001baa6800 JavaThread "jar transforms Thread 34" [_thread_blocked, id=7364, stack(0x0000000026f20000,0x0000000027020000)]
  0x000000001baa7000 JavaThread "jar transforms Thread 33" [_thread_blocked, id=6856, stack(0x0000000026e20000,0x0000000026f20000)]
  0x000000001baa5800 JavaThread "jar transforms Thread 32" [_thread_blocked, id=7496, stack(0x0000000026d20000,0x0000000026e20000)]
  0x000000001baa8000 JavaThread "jar transforms Thread 31" [_thread_blocked, id=8868, stack(0x0000000026c20000,0x0000000026d20000)]
  0x000000001ba9e000 JavaThread "jar transforms Thread 30" [_thread_blocked, id=7904, stack(0x0000000026b20000,0x0000000026c20000)]
  0x000000001baa5000 JavaThread "jar transforms Thread 29" [_thread_blocked, id=2928, stack(0x0000000026a20000,0x0000000026b20000)]
  0x000000001ba9d800 JavaThread "jar transforms Thread 28" [_thread_blocked, id=12824, stack(0x0000000026920000,0x0000000026a20000)]
  0x000000001baa4000 JavaThread "jar transforms Thread 27" [_thread_blocked, id=11500, stack(0x0000000026820000,0x0000000026920000)]
  0x000000001ba9c800 JavaThread "jar transforms Thread 26" [_thread_blocked, id=8156, stack(0x0000000026720000,0x0000000026820000)]
  0x000000001baa3800 JavaThread "jar transforms Thread 25" [_thread_blocked, id=10116, stack(0x0000000026620000,0x0000000026720000)]
  0x000000001baa2800 JavaThread "jar transforms Thread 24" [_thread_blocked, id=15916, stack(0x0000000026520000,0x0000000026620000)]
  0x000000001baa0800 JavaThread "jar transforms Thread 23" [_thread_blocked, id=10892, stack(0x0000000026420000,0x0000000026520000)]
  0x000000001baa2000 JavaThread "jar transforms Thread 22" [_thread_blocked, id=9848, stack(0x0000000026320000,0x0000000026420000)]
  0x000000001baa1000 JavaThread "jar transforms Thread 21" [_thread_blocked, id=7156, stack(0x0000000026220000,0x0000000026320000)]
  0x000000001ba9f000 JavaThread "jar transforms Thread 20" [_thread_blocked, id=1012, stack(0x0000000026120000,0x0000000026220000)]
  0x000000001ba9f800 JavaThread "jar transforms Thread 19" [_thread_blocked, id=6892, stack(0x0000000026020000,0x0000000026120000)]
  0x000000001cb5b000 JavaThread "jar transforms Thread 18" [_thread_blocked, id=16212, stack(0x0000000025f20000,0x0000000026020000)]
  0x000000001cb58800 JavaThread "jar transforms Thread 17" [_thread_blocked, id=12164, stack(0x0000000025e20000,0x0000000025f20000)]
  0x000000001cb58000 JavaThread "jar transforms Thread 16" [_thread_blocked, id=5660, stack(0x0000000025d20000,0x0000000025e20000)]
  0x000000001cb56800 JavaThread "jar transforms Thread 15" [_thread_blocked, id=1808, stack(0x0000000025c20000,0x0000000025d20000)]
  0x000000001cb55800 JavaThread "jar transforms Thread 14" [_thread_blocked, id=6724, stack(0x0000000025b20000,0x0000000025c20000)]
  0x000000001cb5c800 JavaThread "jar transforms Thread 13" [_thread_blocked, id=12440, stack(0x0000000025a20000,0x0000000025b20000)]
  0x000000001cb59800 JavaThread "jar transforms Thread 12" [_thread_blocked, id=11316, stack(0x0000000025920000,0x0000000025a20000)]
  0x000000001cb5b800 JavaThread "jar transforms Thread 11" [_thread_blocked, id=11340, stack(0x0000000025820000,0x0000000025920000)]
  0x000000001cb5a000 JavaThread "jar transforms Thread 10" [_thread_blocked, id=14800, stack(0x0000000025720000,0x0000000025820000)]
  0x000000001cb57000 JavaThread "jar transforms Thread 9" [_thread_blocked, id=6928, stack(0x0000000025620000,0x0000000025720000)]
  0x000000001b391000 JavaThread "jar transforms Thread 8" [_thread_blocked, id=10796, stack(0x0000000025520000,0x0000000025620000)]
  0x000000001b38f800 JavaThread "jar transforms Thread 7" [_thread_blocked, id=14640, stack(0x0000000025420000,0x0000000025520000)]
  0x000000001b390000 JavaThread "jar transforms Thread 6" [_thread_blocked, id=15024, stack(0x0000000025320000,0x0000000025420000)]
  0x000000001b38b800 JavaThread "jar transforms Thread 5" [_thread_blocked, id=2828, stack(0x0000000025220000,0x0000000025320000)]
  0x000000001b38c800 JavaThread "jar transforms Thread 4" [_thread_blocked, id=13452, stack(0x0000000025120000,0x0000000025220000)]
  0x000000001b391800 JavaThread "jar transforms Thread 3" [_thread_blocked, id=1172, stack(0x0000000025020000,0x0000000025120000)]
  0x000000001b38e800 JavaThread "jar transforms Thread 2" [_thread_blocked, id=5484, stack(0x0000000024f20000,0x0000000025020000)]
  0x000000001b38b000 JavaThread "Build operations Thread 8" [_thread_blocked, id=14316, stack(0x0000000024d20000,0x0000000024e20000)]
  0x000000001b38a000 JavaThread "Build operations Thread 7" [_thread_blocked, id=2980, stack(0x0000000024c20000,0x0000000024d20000)]
  0x000000001b38e000 JavaThread "Build operations Thread 6" [_thread_blocked, id=4452, stack(0x0000000024b20000,0x0000000024c20000)]
  0x000000001b38d000 JavaThread "Build operations Thread 5" [_thread_blocked, id=10068, stack(0x0000000024a20000,0x0000000024b20000)]
  0x000000001b388000 JavaThread "Build operations Thread 4" [_thread_blocked, id=7068, stack(0x0000000024920000,0x0000000024a20000)]
  0x000000001b382800 JavaThread "Build operations Thread 3" [_thread_blocked, id=12456, stack(0x00000000245c0000,0x00000000246c0000)]
  0x000000001b386800 JavaThread "Build operations Thread 2" [_thread_blocked, id=4632, stack(0x00000000244c0000,0x00000000245c0000)]
  0x000000001b388800 JavaThread "Build operations" [_thread_blocked, id=4688, stack(0x00000000243c0000,0x00000000244c0000)]
  0x0000000019c7c800 JavaThread "Cache worker for file content cache (C:\Users\Eduardo\.gradle\caches\6.5\fileContent)" [_thread_blocked, id=944, stack(0x0000000023ec0000,0x0000000023fc0000)]
  0x0000000019c7b800 JavaThread "jar transforms" [_thread_blocked, id=14280, stack(0x00000000223f0000,0x00000000224f0000)]
  0x0000000019c7b000 JavaThread "Cache worker for execution history cache (C:\Users\Eduardo\.gradle\caches\6.5\executionHistory)" [_thread_blocked, id=7652, stack(0x00000000222f0000,0x00000000223f0000)]
  0x0000000019c80800 JavaThread "Cache worker for cache directory md-rule (C:\Users\Eduardo\.gradle\caches\6.5\md-rule)" [_thread_blocked, id=1000, stack(0x00000000221f0000,0x00000000222f0000)]
  0x0000000019c7d000 JavaThread "Cache worker for cache directory md-supplier (C:\Users\Eduardo\.gradle\caches\6.5\md-supplier)" [_thread_blocked, id=14484, stack(0x00000000220f0000,0x00000000221f0000)]
  0x0000000019c7f800 JavaThread "Cache worker for checksums cache (C:\Users\Eduardo\AndroidStudioProjects\LiveDIO\.gradle\checksums)" [_thread_blocked, id=15144, stack(0x0000000021ff0000,0x00000000220f0000)]
  0x0000000019c7e800 JavaThread "Cache worker for file hash cache (C:\Users\Eduardo\AndroidStudioProjects\LiveDIO\.gradle\6.5\fileHashes)" [_thread_blocked, id=13300, stack(0x00000000229f0000,0x0000000022af0000)]
  0x0000000019c81000 JavaThread "Cache worker for file hash cache (C:\Users\Eduardo\.gradle\caches\6.5\fileHashes)" [_thread_blocked, id=12876, stack(0x000000001eb80000,0x000000001ec80000)]
  0x0000000019c82000 JavaThread "File lock request listener" [_thread_in_native, id=6524, stack(0x000000001ea80000,0x000000001eb80000)]
  0x000000001c6d1000 JavaThread "Cache worker for journal cache (C:\Users\Eduardo\.gradle\caches\journal-1)" [_thread_blocked, id=15536, stack(0x000000001e980000,0x000000001ea80000)]
  0x000000001ba0b800 JavaThread "Thread-9" [_thread_blocked, id=9496, stack(0x000000001e680000,0x000000001e780000)]
  0x000000001ba06000 JavaThread "Asynchronous log dispatcher for DefaultDaemonConnection: socket connection from /127.0.0.1:53309 to /127.0.0.1:53310" [_thread_blocked, id=2220, stack(0x000000001e480000,0x000000001e580000)]
  0x000000001c652800 JavaThread "Daemon worker" [_thread_blocked, id=15120, stack(0x000000001e380000,0x000000001e480000)]
  0x000000001c651000 JavaThread "Cancel handler" [_thread_blocked, id=14708, stack(0x000000001e280000,0x000000001e380000)]
  0x000000001c642000 JavaThread "Handler for socket connection from /127.0.0.1:53309 to /127.0.0.1:53310" [_thread_in_native, id=15300, stack(0x000000001e180000,0x000000001e280000)]
  0x000000001c59b800 JavaThread "Daemon" [_thread_blocked, id=4208, stack(0x000000001e080000,0x000000001e180000)]
  0x000000001c59b000 JavaThread "Daemon periodic checks" [_thread_blocked, id=12632, stack(0x000000001dd80000,0x000000001de80000)]
  0x000000001c599800 JavaThread "Incoming local TCP Connector on port 53309" [_thread_in_native, id=7560, stack(0x000000001db20000,0x000000001dc20000)]
  0x000000001c547000 JavaThread "Daemon health stats" [_thread_blocked, id=6804, stack(0x000000001d4e0000,0x000000001d5e0000)]
  0x0000000019d0a800 JavaThread "Service Thread" daemon [_thread_blocked, id=14200, stack(0x000000001a940000,0x000000001aa40000)]
  0x0000000019c7e000 JavaThread "C1 CompilerThread3" daemon [_thread_in_native, id=13760, stack(0x000000001a840000,0x000000001a940000)]
  0x0000000019c72800 JavaThread "C2 CompilerThread2" daemon [_thread_in_native, id=13416, stack(0x000000001a740000,0x000000001a840000)]
=>0x0000000017e5c000 JavaThread "C2 CompilerThread1" daemon [_thread_in_native, id=12604, stack(0x000000001a640000,0x000000001a740000)]
  0x0000000019c61800 JavaThread "C2 CompilerThread0" daemon [_thread_in_native, id=12996, stack(0x000000001a540000,0x000000001a640000)]
  0x0000000019c60000 JavaThread "Attach Listener" daemon [_thread_blocked, id=14352, stack(0x000000001a440000,0x000000001a540000)]
  0x0000000019c5f000 JavaThread "Signal Dispatcher" daemon [_thread_blocked, id=8328, stack(0x000000001a340000,0x000000001a440000)]
  0x0000000019c50800 JavaThread "Finalizer" daemon [_thread_blocked, id=3320, stack(0x000000001a130000,0x000000001a230000)]
  0x0000000017e4b800 JavaThread "Reference Handler" daemon [_thread_blocked, id=8656, stack(0x000000001a030000,0x000000001a130000)]
  0x000000000139e800 JavaThread "main" [_thread_blocked, id=6296, stack(0x0000000002b60000,0x0000000002c60000)]

Other Threads:
  0x0000000017e46000 VMThread [stack: 0x0000000019b30000,0x0000000019c30000] [id=11004]
  0x0000000019d0b000 WatcherThread [stack: 0x000000001aa40000,0x000000001ab40000] [id=5624]

VM state:not at safepoint (normal execution)

VM Mutex/Monitor currently owned by a thread: None

heap address: 0x0000000080000000, size: 2048 MB, Compressed Oops mode: 32-bit
Narrow klass base: 0x0000000000000000, Narrow klass shift: 3
Compressed class space size: 1073741824 Address: 0x0000000100000000

Heap:
 PSYoungGen      total 289792K, used 159258K [0x00000000d5580000, 0x00000000ef980000, 0x0000000100000000)
  eden space 268288K, 51% used [0x00000000d5580000,0x00000000ddc0e888,0x00000000e5b80000)
  from space 21504K, 99% used [0x00000000e5b80000,0x00000000e7078328,0x00000000e7080000)
  to   space 29184K, 0% used [0x00000000edd00000,0x00000000edd00000,0x00000000ef980000)
 ParOldGen       total 95232K, used 42671K [0x0000000080000000, 0x0000000085d00000, 0x00000000d5580000)
  object space 95232K, 44% used [0x0000000080000000,0x00000000829abd98,0x0000000085d00000)
 Metaspace       used 71121K, capacity 74610K, committed 74904K, reserved 1114112K
  class space    used 9639K, capacity 10290K, committed 10416K, reserved 1048576K

Card table byte_map: [0x00000000121a0000,0x00000000125b0000] byte_map_base: 0x0000000011da0000

Marking Bits: (ParMarkBitMap*) 0x0000000057ddf030
 Begin Bits: [0x0000000013060000, 0x0000000015060000)
 End Bits:   [0x0000000015060000, 0x0000000017060000)

Polling page: 0x0000000000da0000

CodeCache: size=245760Kb used=24831Kb max_used=24920Kb free=220928Kb
 bounds [0x0000000002de0000, 0x0000000004690000, 0x0000000011de0000]
 total_blobs=8618 nmethods=7706 adapters=825
 compilation: enabled

Compilation events (10 events):
Event: 65.749 Thread 0x0000000019c7e000 nmethod 9104 0x000000000435ca90 code [0x000000000435cc00, 0x000000000435cda8]
Event: 65.749 Thread 0x0000000019c7e000 9100       3       org.gradle.internal.operations.OperationIdentifier::equals (47 bytes)
Event: 65.749 Thread 0x0000000019c7e000 nmethod 9100 0x000000000435c390 code [0x000000000435c500, 0x000000000435c9b0]
Event: 65.749 Thread 0x0000000019c7e000 9102       3       org.gradle.internal.operations.BuildOperationDescriptor$Builder::progressDisplayName (7 bytes)
Event: 65.750 Thread 0x0000000019c7e000 nmethod 9102 0x00000000043e9510 code [0x00000000043e9660, 0x00000000043e97d0]
Event: 65.750 Thread 0x0000000019c7e000 9103       3       com.google.common.collect.Iterables::castOrCopyToCollection (24 bytes)
Event: 65.750 Thread 0x0000000019c7e000 nmethod 9103 0x000000000419a590 code [0x000000000419a760, 0x000000000419ae98]
Event: 65.760 Thread 0x0000000019c61800 nmethod 9097 0x0000000004195bd0 code [0x0000000004195d80, 0x00000000041967e8]
Event: 65.760 Thread 0x0000000019c61800 9101       4       com.google.common.collect.RegularImmutableMap$KeysOrValuesAsList::get (23 bytes)
Event: 65.761 Thread 0x0000000019c61800 nmethod 9101 0x00000000043e9190 code [0x00000000043e92e0, 0x00000000043e93d8]

GC Heap History (10 events):
Event: 19.618 GC heap before
{Heap before GC invocations=12 (full 2):
 PSYoungGen      total 140288K, used 129024K [0x00000000d5580000, 0x00000000e2780000, 0x0000000100000000)
  eden space 129024K, 100% used [0x00000000d5580000,0x00000000dd380000,0x00000000dd380000)
  from space 11264K, 0% used [0x00000000dd380000,0x00000000dd380000,0x00000000dde80000)
  to   space 12800K, 0% used [0x00000000e1b00000,0x00000000e1b00000,0x00000000e2780000)
 ParOldGen       total 65536K, used 17852K [0x0000000080000000, 0x0000000084000000, 0x00000000d5580000)
  object space 65536K, 27% used [0x0000000080000000,0x000000008116f178,0x0000000084000000)
 Metaspace       used 38728K, capacity 40498K, committed 40616K, reserved 1083392K
  class space    used 5346K, capacity 5697K, committed 5808K, reserved 1048576K
Event: 19.639 GC heap after
Heap after GC invocations=12 (full 2):
 PSYoungGen      total 201216K, used 10269K [0x00000000d5580000, 0x00000000e2880000, 0x0000000100000000)
  eden space 188416K, 0% used [0x00000000d5580000,0x00000000d5580000,0x00000000e0d80000)
  from space 12800K, 80% used [0x00000000e1b00000,0x00000000e25075f0,0x00000000e2780000)
  to   space 13824K, 0% used [0x00000000e0d80000,0x00000000e0d80000,0x00000000e1b00000)
 ParOldGen       total 65536K, used 17860K [0x0000000080000000, 0x0000000084000000, 0x00000000d5580000)
  object space 65536K, 27% used [0x0000000080000000,0x0000000081171178,0x0000000084000000)
 Metaspace       used 38728K, capacity 40498K, committed 40616K, reserved 1083392K
  class space    used 5346K, capacity 5697K, committed 5808K, reserved 1048576K
}
Event: 32.074 GC heap before
{Heap before GC invocations=13 (full 2):
 PSYoungGen      total 201216K, used 198685K [0x00000000d5580000, 0x00000000e2880000, 0x0000000100000000)
  eden space 188416K, 100% used [0x00000000d5580000,0x00000000e0d80000,0x00000000e0d80000)
  from space 12800K, 80% used [0x00000000e1b00000,0x00000000e25075f0,0x00000000e2780000)
  to   space 13824K, 0% used [0x00000000e0d80000,0x00000000e0d80000,0x00000000e1b00000)
 ParOldGen       total 65536K, used 17860K [0x0000000080000000, 0x0000000084000000, 0x00000000d5580000)
  object space 65536K, 27% used [0x0000000080000000,0x0000000081171178,0x0000000084000000)
 Metaspace       used 55605K, capacity 57838K, committed 58152K, reserved 1099776K
  class space    used 7487K, capacity 7971K, committed 7984K, reserved 1048576K
Event: 32.103 GC heap after
Heap after GC invocations=13 (full 2):
 PSYoungGen      total 202240K, used 13817K [0x00000000d5580000, 0x00000000e8500000, 0x0000000100000000)
  eden space 188416K, 0% used [0x00000000d5580000,0x00000000d5580000,0x00000000e0d80000)
  from space 13824K, 99% used [0x00000000e0d80000,0x00000000e1afe728,0x00000000e1b00000)
  to   space 20992K, 0% used [0x00000000e7080000,0x00000000e7080000,0x00000000e8500000)
 ParOldGen       total 65536K, used 33216K [0x0000000080000000, 0x0000000084000000, 0x00000000d5580000)
  object space 65536K, 50% used [0x0000000080000000,0x0000000082070230,0x0000000084000000)
 Metaspace       used 55605K, capacity 57838K, committed 58152K, reserved 1099776K
  class space    used 7487K, capacity 7971K, committed 7984K, reserved 1048576K
}
Event: 32.682 GC heap before
{Heap before GC invocations=14 (full 2):
 PSYoungGen      total 202240K, used 26802K [0x00000000d5580000, 0x00000000e8500000, 0x0000000100000000)
  eden space 188416K, 6% used [0x00000000d5580000,0x00000000d622e2a8,0x00000000e0d80000)
  from space 13824K, 99% used [0x00000000e0d80000,0x00000000e1afe728,0x00000000e1b00000)
  to   space 20992K, 0% used [0x00000000e7080000,0x00000000e7080000,0x00000000e8500000)
 ParOldGen       total 65536K, used 33216K [0x0000000080000000, 0x0000000084000000, 0x00000000d5580000)
  object space 65536K, 50% used [0x0000000080000000,0x0000000082070230,0x0000000084000000)
 Metaspace       used 56695K, capacity 59038K, committed 59160K, reserved 1099776K
  class space    used 7687K, capacity 8166K, committed 8240K, reserved 1048576K
Event: 32.702 GC heap after
Heap after GC invocations=14 (full 2):
 PSYoungGen      total 289280K, used 1592K [0x00000000d5580000, 0x00000000e8900000, 0x0000000100000000)
  eden space 268288K, 0% used [0x00000000d5580000,0x00000000d5580000,0x00000000e5b80000)
  from space 20992K, 7% used [0x00000000e7080000,0x00000000e720e2a8,0x00000000e8500000)
  to   space 21504K, 0% used [0x00000000e5b80000,0x00000000e5b80000,0x00000000e7080000)
 ParOldGen       total 65536K, used 44563K [0x0000000080000000, 0x0000000084000000, 0x00000000d5580000)
  object space 65536K, 67% used [0x0000000080000000,0x0000000082b84fc8,0x0000000084000000)
 Metaspace       used 56695K, capacity 59038K, committed 59160K, reserved 1099776K
  class space    used 7687K, capacity 8166K, committed 8240K, reserved 1048576K
}
Event: 32.702 GC heap before
{Heap before GC invocations=15 (full 3):
 PSYoungGen      total 289280K, used 1592K [0x00000000d5580000, 0x00000000e8900000, 0x0000000100000000)
  eden space 268288K, 0% used [0x00000000d5580000,0x00000000d5580000,0x00000000e5b80000)
  from space 20992K, 7% used [0x00000000e7080000,0x00000000e720e2a8,0x00000000e8500000)
  to   space 21504K, 0% used [0x00000000e5b80000,0x00000000e5b80000,0x00000000e7080000)
 ParOldGen       total 65536K, used 44563K [0x0000000080000000, 0x0000000084000000, 0x00000000d5580000)
  object space 65536K, 67% used [0x0000000080000000,0x0000000082b84fc8,0x0000000084000000)
 Metaspace       used 56695K, capacity 59038K, committed 59160K, reserved 1099776K
  class space    used 7687K, capacity 8166K, committed 8240K, reserved 1048576K
Event: 32.954 GC heap after
Heap after GC invocations=15 (full 3):
 PSYoungGen      total 289280K, used 0K [0x00000000d5580000, 0x00000000e8900000, 0x0000000100000000)
  eden space 268288K, 0% used [0x00000000d5580000,0x00000000d5580000,0x00000000e5b80000)
  from space 20992K, 0% used [0x00000000e7080000,0x00000000e7080000,0x00000000e8500000)
  to   space 21504K, 0% used [0x00000000e5b80000,0x00000000e5b80000,0x00000000e7080000)
 ParOldGen       total 95232K, used 31407K [0x0000000080000000, 0x0000000085d00000, 0x00000000d5580000)
  object space 95232K, 32% used [0x0000000080000000,0x0000000081eabe08,0x0000000085d00000)
 Metaspace       used 56649K, capacity 58882K, committed 59160K, reserved 1099776K
  class space    used 7673K, capacity 8140K, committed 8240K, reserved 1048576K
}
Event: 48.108 GC heap before
{Heap before GC invocations=16 (full 3):
 PSYoungGen      total 289280K, used 268288K [0x00000000d5580000, 0x00000000e8900000, 0x0000000100000000)
  eden space 268288K, 100% used [0x00000000d5580000,0x00000000e5b80000,0x00000000e5b80000)
  from space 20992K, 0% used [0x00000000e7080000,0x00000000e7080000,0x00000000e8500000)
  to   space 21504K, 0% used [0x00000000e5b80000,0x00000000e5b80000,0x00000000e7080000)
 ParOldGen       total 95232K, used 31407K [0x0000000080000000, 0x0000000085d00000, 0x00000000d5580000)
  object space 95232K, 32% used [0x0000000080000000,0x0000000081eabe08,0x0000000085d00000)
 Metaspace       used 67140K, capacity 70464K, committed 70552K, reserved 1110016K
  class space    used 9220K, capacity 9827K, committed 9904K, reserved 1048576K
Event: 48.130 GC heap after
Heap after GC invocations=16 (full 3):
 PSYoungGen      total 289792K, used 21472K [0x00000000d5580000, 0x00000000ef980000, 0x0000000100000000)
  eden space 268288K, 0% used [0x00000000d5580000,0x00000000d5580000,0x00000000e5b80000)
  from space 21504K, 99% used [0x00000000e5b80000,0x00000000e7078328,0x00000000e7080000)
  to   space 29184K, 0% used [0x00000000edd00000,0x00000000edd00000,0x00000000ef980000)
 ParOldGen       total 95232K, used 42671K [0x0000000080000000, 0x0000000085d00000, 0x00000000d5580000)
  object space 95232K, 44% used [0x0000000080000000,0x00000000829abd98,0x0000000085d00000)
 Metaspace       used 67140K, capacity 70464K, committed 70552K, reserved 1110016K
  class space    used 9220K, capacity 9827K, committed 9904K, reserved 1048576K
}

Deoptimization events (10 events):
Event: 65.475 Thread 0x0000000020f02800 Uncommon trap: reason=class_check action=maybe_recompile pc=0x000000000423c784 method=com.google.gson.stream.JsonWriter.newline()V @ 14
Event: 65.475 Thread 0x0000000020f02800 Uncommon trap: reason=class_check action=maybe_recompile pc=0x00000000042cd7c8 method=com.google.gson.stream.JsonWriter.beforeValue()V @ 111
Event: 65.475 Thread 0x0000000020f02800 Uncommon trap: reason=class_check action=maybe_recompile pc=0x000000000416f4d8 method=com.google.gson.stream.JsonWriter.beforeName()V @ 16
Event: 65.475 Thread 0x0000000020f02800 Uncommon trap: reason=class_check action=maybe_recompile pc=0x000000000423c784 method=com.google.gson.stream.JsonWriter.newline()V @ 14
Event: 65.476 Thread 0x0000000020f02800 Uncommon trap: reason=class_check action=maybe_recompile pc=0x00000000042cd7c8 method=com.google.gson.stream.JsonWriter.beforeValue()V @ 111
Event: 65.476 Thread 0x0000000020f02800 Uncommon trap: reason=class_check action=maybe_recompile pc=0x000000000416f4d8 method=com.google.gson.stream.JsonWriter.beforeName()V @ 16
Event: 65.476 Thread 0x0000000020f02800 Uncommon trap: reason=class_check action=maybe_recompile pc=0x000000000416f4d8 method=com.google.gson.stream.JsonWriter.beforeName()V @ 16
Event: 65.476 Thread 0x0000000020f02800 Uncommon trap: reason=class_check action=maybe_recompile pc=0x0000000004281128 method=com.google.gson.stream.JsonWriter.beforeName()V @ 16
Event: 65.609 Thread 0x0000000020f02800 Uncommon trap: reason=class_check action=maybe_recompile pc=0x0000000004290cc4 method=java.io.Writer.append(Ljava/lang/CharSequence;)Ljava/io/Writer; @ 20
Event: 65.777 Thread 0x0000000020f03800 Uncommon trap: reason=class_check action=maybe_recompile pc=0x00000000033aa0c0 method=java.lang.Throwable.<init>(Ljava/lang/String;Ljava/lang/Throwable;)V @ 24

Classes redefined (0 events):
No events

Internal exceptions (10 events):
Event: 51.152 Thread 0x0000000020f0b800 Exception <a 'java/io/FileNotFoundException'> (0x00000000d844add0) thrown at [C:\src\AOSP-openjdk-git\hotspot\src\share\vm\prims\jni.cpp, line 710]
Event: 51.731 Thread 0x0000000020f08000 Exception <a 'java/io/FileNotFoundException'> (0x00000000d8cb95c8) thrown at [C:\src\AOSP-openjdk-git\hotspot\src\share\vm\prims\jni.cpp, line 710]
Event: 53.597 Thread 0x0000000020f03800 Implicit null exception at 0x000000000449b823 to 0x000000000449c2f9
Event: 53.699 Thread 0x0000000020f03800 Implicit null exception at 0x0000000004593231 to 0x0000000004591301
Event: 54.063 Thread 0x0000000020f03800 Exception <a 'java/lang/NoSuchMethodError': <clinit>> (0x00000000dc091558) thrown at [C:\src\AOSP-openjdk-git\hotspot\src\share\vm\prims\jni.cpp, line 1615]
Event: 54.064 Thread 0x0000000020f03800 Exception <a 'java/lang/NoSuchMethodError': <clinit>> (0x00000000dc0a1978) thrown at [C:\src\AOSP-openjdk-git\hotspot\src\share\vm\prims\jni.cpp, line 1615]
Event: 54.065 Thread 0x0000000020f03800 Exception <a 'java/lang/NoSuchMethodError': <clinit>> (0x00000000dc0b51d0) thrown at [C:\src\AOSP-openjdk-git\hotspot\src\share\vm\prims\jni.cpp, line 1615]
Event: 54.071 Thread 0x0000000020f03800 Exception <a 'java/lang/NoSuchMethodError': <clinit>> (0x00000000dc13c490) thrown at [C:\src\AOSP-openjdk-git\hotspot\src\share\vm\prims\jni.cpp, line 1615]
Event: 65.249 Thread 0x0000000020f10000 Exception <a 'java/io/IOException'> (0x00000000dd14f878) thrown at [C:\src\AOSP-openjdk-git\hotspot\src\share\vm\prims\jni.cpp, line 710]
Event: 65.258 Thread 0x0000000020f02800 Exception <a 'java/lang/NoSuchMethodError': <clinit>> (0x00000000d7843d28) thrown at [C:\src\AOSP-openjdk-git\hotspot\src\share\vm\prims\jni.cpp, line 1615]

Events (10 events):
Event: 65.744 Executing VM operation: RevokeBias
Event: 65.744 Executing VM operation: RevokeBias done
Event: 65.753 loading class com/android/utils/PathUtils
Event: 65.753 loading class com/android/utils/PathUtils done
Event: 65.754 loading class java/nio/file/DirectoryNotEmptyException
Event: 65.777 Thread 0x0000000020f03800 Uncommon trap: trap_request=0xffffffde fr.pc=0x00000000033aa0c0
Event: 65.777 Thread 0x0000000020f03800 DEOPT PACKING pc=0x00000000033aa0c0 sp=0x000000002e4cbef0
Event: 65.777 Thread 0x0000000020f03800 DEOPT UNPACKING pc=0x0000000002e2557b sp=0x000000002e4cbec0 mode 2
Event: 65.777 loading class org/gradle/internal/exceptions/DefaultMultiCauseException$1
Event: 65.777 loading class org/gradle/internal/exceptions/DefaultMultiCauseException$1 done


Dynamic libraries:
0x00007ff6ffc00000 - 0x00007ff6ffc31000 	C:\Program Files\Android\Android Studio\jre\bin\java.exe
0x00007ffb50710000 - 0x00007ffb50905000 	C:\WINDOWS\SYSTEM32\ntdll.dll
0x00007ffb3e580000 - 0x00007ffb3e593000 	C:\Program Files\AVG\Antivirus\aswhook.dll
0x00007ffb50500000 - 0x00007ffb505bd000 	C:\WINDOWS\System32\KERNEL32.DLL
0x00007ffb4e0c0000 - 0x00007ffb4e388000 	C:\WINDOWS\System32\KERNELBASE.dll
0x00007ffb4fef0000 - 0x00007ffb4ff9c000 	C:\WINDOWS\System32\ADVAPI32.dll
0x00007ffb50360000 - 0x00007ffb503fe000 	C:\WINDOWS\System32\msvcrt.dll
0x00007ffb50460000 - 0x00007ffb504fb000 	C:\WINDOWS\System32\sechost.dll
0x00007ffb4e830000 - 0x00007ffb4e95b000 	C:\WINDOWS\System32\RPCRT4.dll
0x00007ffb4f4d0000 - 0x00007ffb4f670000 	C:\WINDOWS\System32\USER32.dll
0x00007ffb4e580000 - 0x00007ffb4e5a2000 	C:\WINDOWS\System32\win32u.dll
0x00007ffb4f4a0000 - 0x00007ffb4f4ca000 	C:\WINDOWS\System32\GDI32.dll
0x00007ffb4e470000 - 0x00007ffb4e57b000 	C:\WINDOWS\System32\gdi32full.dll
0x00007ffb4de50000 - 0x00007ffb4deed000 	C:\WINDOWS\System32\msvcp_win.dll
0x00007ffb4dfc0000 - 0x00007ffb4e0c0000 	C:\WINDOWS\System32\ucrtbase.dll
0x00007ffb48a10000 - 0x00007ffb48caa000 	C:\WINDOWS\WinSxS\amd64_microsoft.windows.common-controls_6595b64144ccf1df_6.0.19041.844_none_ca00b6081b84eb1d\COMCTL32.dll
0x00007ffb506a0000 - 0x00007ffb506d0000 	C:\WINDOWS\System32\IMM32.DLL
0x0000000057450000 - 0x0000000057522000 	C:\Program Files\Android\Android Studio\jre\jre\bin\msvcr100.dll
0x0000000057610000 - 0x0000000057e5b000 	C:\Program Files\Android\Android Studio\jre\jre\bin\server\jvm.dll
0x00007ffb4ef20000 - 0x00007ffb4ef28000 	C:\WINDOWS\System32\PSAPI.DLL
0x00007ffb3f180000 - 0x00007ffb3f189000 	C:\WINDOWS\SYSTEM32\WSOCK32.dll
0x00007ffb48e00000 - 0x00007ffb48e0a000 	C:\WINDOWS\SYSTEM32\VERSION.dll
0x00007ffb49df0000 - 0x00007ffb49e17000 	C:\WINDOWS\SYSTEM32\WINMM.dll
0x00007ffb4eeb0000 - 0x00007ffb4ef1b000 	C:\WINDOWS\System32\WS2_32.dll
0x00007ffb494d0000 - 0x00007ffb494df000 	C:\Program Files\Android\Android Studio\jre\jre\bin\verify.dll
0x00007ffb2f8c0000 - 0x00007ffb2f8e9000 	C:\Program Files\Android\Android Studio\jre\jre\bin\java.dll
0x00007ffb45770000 - 0x00007ffb45786000 	C:\Program Files\Android\Android Studio\jre\jre\bin\zip.dll
0x00007ffb4f7a0000 - 0x00007ffb4fee2000 	C:\WINDOWS\System32\SHELL32.dll
0x00007ffb4bfb0000 - 0x00007ffb4c741000 	C:\WINDOWS\SYSTEM32\windows.storage.dll
0x00007ffb4ffa0000 - 0x00007ffb502f5000 	C:\WINDOWS\System32\combase.dll
0x00007ffb4d7f0000 - 0x00007ffb4d81c000 	C:\WINDOWS\SYSTEM32\Wldp.dll
0x00007ffb505c0000 - 0x00007ffb5066e000 	C:\WINDOWS\System32\SHCORE.dll
0x00007ffb50300000 - 0x00007ffb50355000 	C:\WINDOWS\System32\shlwapi.dll
0x00007ffb4dd90000 - 0x00007ffb4ddaf000 	C:\WINDOWS\SYSTEM32\profapi.dll
0x00007ffb444a0000 - 0x00007ffb444ba000 	C:\Program Files\Android\Android Studio\jre\jre\bin\net.dll
0x00007ffb4d560000 - 0x00007ffb4d5ca000 	C:\WINDOWS\system32\mswsock.dll
0x00007ffb41f30000 - 0x00007ffb41f43000 	C:\Program Files\Android\Android Studio\jre\jre\bin\nio.dll
0x00007ffb36bd0000 - 0x00007ffb36bf7000 	C:\Users\Eduardo\.gradle\native\f6784746aeab05261644944871eae4fe03e0ef1612fff0a4a95f87b438bc6780\windows-amd64\native-platform.dll
0x00007ffb492a0000 - 0x00007ffb492ad000 	C:\Program Files\Android\Android Studio\jre\jre\bin\management.dll
0x00007ffb4d730000 - 0x00007ffb4d748000 	C:\WINDOWS\SYSTEM32\CRYPTSP.dll
0x00007ffb4cf00000 - 0x00007ffb4cf34000 	C:\WINDOWS\system32\rsaenh.dll
0x00007ffb4e440000 - 0x00007ffb4e467000 	C:\WINDOWS\System32\bcrypt.dll
0x00007ffb4dd50000 - 0x00007ffb4dd7e000 	C:\WINDOWS\SYSTEM32\USERENV.dll
0x00007ffb4def0000 - 0x00007ffb4df70000 	C:\WINDOWS\System32\bcryptprimitives.dll
0x00007ffb4d750000 - 0x00007ffb4d75c000 	C:\WINDOWS\SYSTEM32\CRYPTBASE.dll
0x00007ffb4d250000 - 0x00007ffb4d28b000 	C:\WINDOWS\SYSTEM32\IPHLPAPI.DLL
0x00007ffb50670000 - 0x00007ffb50678000 	C:\WINDOWS\System32\NSI.dll
0x00007ffb48380000 - 0x00007ffb48397000 	C:\WINDOWS\SYSTEM32\dhcpcsvc6.DLL
0x00007ffb48360000 - 0x00007ffb4837d000 	C:\WINDOWS\SYSTEM32\dhcpcsvc.DLL
0x00007ffb4d290000 - 0x00007ffb4d35c000 	C:\WINDOWS\SYSTEM32\DNSAPI.dll
0x00007ffb483a0000 - 0x00007ffb483ab000 	C:\WINDOWS\SYSTEM32\WINNSI.DLL
0x00007ffb0e010000 - 0x00007ffb0e1ac000 	C:\Program Files\Android\Android Studio\jre\jre\bin\awt.dll
0x00007ffb4f6d0000 - 0x00007ffb4f79d000 	C:\WINDOWS\System32\OLEAUT32.dll
0x00007ffb4bbd0000 - 0x00007ffb4bbff000 	C:\WINDOWS\SYSTEM32\dwmapi.dll
0x00007ffb4a7f0000 - 0x00007ffb4adb0000 	C:\WINDOWS\SYSTEM32\d2d1.dll
0x00007ffb4b840000 - 0x00007ffb4b8d0000 	C:\WINDOWS\SYSTEM32\apphelp.dll
0x00007ffb4b9e0000 - 0x00007ffb4ba7e000 	C:\WINDOWS\system32\uxtheme.dll

VM Arguments:
jvm_args: -Xmx2048m -Dfile.encoding=UTF-8 -Duser.country=BR -Duser.language=pt -Duser.variant 
java_command: org.gradle.launcher.daemon.bootstrap.GradleDaemon 6.5
java_class_path (initial): C:\Users\Eduardo\.gradle\wrapper\dists\gradle-6.5-bin\6nifqtx7604sqp1q6g8wikw7p\gradle-6.5\lib\gradle-launcher-6.5.jar
Launcher Type: SUN_STANDARD

Environment Variables:
JAVA_HOME=C:\Program Files\Android\Android Studio\jre
PATH=C:\Program Files (x86)\Common Files\Oracle\Java\javapath;C:\Program Files (x86)\NVIDIA Corporation\PhysX\Common;C:\WINDOWS\system32;C:\WINDOWS;C:\WINDOWS\System32\Wbem;C:\WINDOWS\System32\WindowsPowerShell\v1.0\;C:\WINDOWS\System32\OpenSSH\;C:\Program Files\dotnet\;C:\Program Files\Git\cmd;C:\Program Files\Android\Android Studio\jre\bin;C:\Program Files (x86)\dotnet\;C:\Program Files\Microsoft SQL Server\130\Tools\Binn\;C:\Program Files\Microsoft SQL Server\Client SDK\ODBC\170\Tools\Binn\;C:\Users\Eduardo\AppData\Local\Microsoft\WindowsApps;C:\Program Files\Java\jdk1.8.0_281\bin;C:\Users\Eduardo\.dotnet\tools;C:\Program Files\JetBrains\IntelliJ IDEA Community Edition 2020.3.2\bin;
USERNAME=Eduardo
OS=Windows_NT
PROCESSOR_IDENTIFIER=Intel64 Family 6 Model 30 Stepping 5, GenuineIntel



---------------  S Y S T E M  ---------------

OS: Windows 10.0 , 64 bit Build 19041 (10.0.19041.928)

CPU:total 8 (initial active 8) (4 cores per cpu, 2 threads per core) family 6 model 30 stepping 5, cmov, cx8, fxsr, mmx, sse, sse2, sse3, ssse3, sse4.1, sse4.2, popcnt, ht, tsc, tscinvbit

Memory: 4k page, physical 8320380k(687148k free), swap 8320380k(1312k free)

vm_info: OpenJDK 64-Bit Server VM (25.242-b01) for windows-amd64 JRE (1.8.0_242-release-1644-b01), built by "builder" with MS VC++ 10.0 (VS2010)

time: Wed May 05 11:05:13 2021
timezone: Hora oficial do Brasil
elapsed time: 66 seconds (0d 0h 1m 6s)

